#
# There is insufficient memory for the Java Runtime Environment to continue.
# Native memory allocation (mmap) failed to map 132120576 bytes for G1 virtual space
# Possible reasons:
#   The system is out of physical RAM or swap space
#   The process is running with CompressedOops enabled, and the Java Heap may be blocking the growth of the native heap
# Possible solutions:
#   Reduce memory load on the system
#   Increase physical memory or swap space
#   Check if swap backing store is full
#   Decrease Java heap size (-Xmx/-Xms)
#   Decrease number of Java threads
#   Decrease Java thread stack sizes (-Xss)
#   Set larger code cache with -XX:ReservedCodeCacheSize=
#   JVM is running with Unscaled Compressed Oops mode in which the Java heap is
#     placed in the first 4GB address space. The Java Heap base address is the
#     maximum limit for the native heap growth. Please use -XX:HeapBaseMinAddress
#     to set the Java Heap base and to place the Java Heap above 4GB virtual address.
# This output file may be truncated or incomplete.
#
#  Out of Memory Error (os_windows.cpp:3527), pid=4624, tid=17616
#
# JRE version:  (19.0+36) (build )
# Java VM: Java HotSpot(TM) 64-Bit Server VM (19+36-2238, mixed mode, sharing, tiered, compressed oops, compressed class ptrs, g1 gc, windows-amd64)
# No core dump will be written. Minidumps are not enabled by default on client versions of Windows
#

---------------  S U M M A R Y ------------

Command Line: -agentlib:jdwp=transport=dt_socket,address=127.0.0.1:58498,suspend=y,server=n -javaagent:C:\Users\DELL\AppData\Local\JetBrains\IdeaIC2023.1\captureAgent\debugger-agent.jar -Dfile.encoding=UTF-8 -Dsun.stdout.encoding=UTF-8 -Dsun.stderr.encoding=UTF-8 breakpoint

Host: Intel(R) Core(TM) i7-8665U CPU @ 1.90GHz, 8 cores, 7G,  Windows 10 , 64 bit Build 18362 (10.0.18362.1)
Time: Thu Aug 29 13:18:44 2024 E. Africa Standard Time elapsed time: 0.016145 seconds (0d 0h 0m 0s)

---------------  T H R E A D  ---------------

Current thread (0x000001b6b573fbe0):  JavaThread "Unknown thread" [_thread_in_vm, id=17616, stack(0x000000b617b00000,0x000000b617c00000)]

Stack: [0x000000b617b00000,0x000000b617c00000]
Native frames: (J=compiled Java code, j=interpreted, Vv=VM code, C=native code)
V  [jvm.dll+0x6ee8fa]
V  [jvm.dll+0x857a1e]
V  [jvm.dll+0x85940e]
V  [jvm.dll+0x859ac3]
V  [jvm.dll+0x28291f]
V  [jvm.dll+0x6eb6e9]
V  [jvm.dll+0x6e028a]
V  [jvm.dll+0x357136]
V  [jvm.dll+0x35eb96]
V  [jvm.dll+0x3b555e]
V  [jvm.dll+0x3b578f]
V  [jvm.dll+0x32c6ea]
V  [jvm.dll+0x32d59e]
V  [jvm.dll+0x821b20]
V  [jvm.dll+0x3c27c1]
V  [jvm.dll+0x8022f1]
V  [jvm.dll+0x44b30f]
V  [jvm.dll+0x44cc91]
C  [jli.dll+0x5287]
C  [ucrtbase.dll+0x1d912]
C  [KERNEL32.DLL+0x17944]
C  [ntdll.dll+0x6ce71]


---------------  P R O C E S S  ---------------

Threads class SMR info:
_java_thread_list=0x00007ffb3e59d048, length=0, elements={
}

Java Threads: ( => current thread )

Other Threads:
  0x000001b6b579c3d0 WorkerThread "GC Thread#0" [stack: 0x000000b617c00000,0x000000b617d00000] [id=13136]
  0x000001b6b57afd50 ConcurrentGCThread "G1 Main Marker" [stack: 0x000000b617d00000,0x000000b617e00000] [id=5100]
  0x000001b6b57b0d30 WorkerThread "G1 Conc#0" [stack: 0x000000b617e00000,0x000000b617f00000] [id=6984]

[error occurred during error reporting (printing all threads), id 0xc0000005, EXCEPTION_ACCESS_VIOLATION (0xc0000005) at pc=0x00007ffb3dd5d127]

VM state: not at safepoint (not fully initialized)

VM Mutex/Monitor currently owned by a thread:  ([mutex/lock_event])
[0x000001b6b573b5e0] Heap_lock - owner thread: 0x000001b6b573fbe0

Heap address: 0x0000000082e00000, size: 2002 MB, Compressed Oops mode: 32-bit

CDS archive(s) mapped at: [0x0000000000000000-0x0000000000000000-0x0000000000000000), size 0, SharedBaseAddress: 0x0000000800000000, ArchiveRelocationMode: 0.
Narrow klass base: 0x0000000000000000, Narrow klass shift: 0, Narrow klass range: 0x0

GC Precious Log:
 CardTable entry size: 512
 Card Set container configuration: InlinePtr #cards 5 size 8 Array Of Cards #cards 12 size 40 Howl #buckets 4 coarsen threshold 1843 Howl Bitmap #cards 512 size 80 coarsen threshold 460 Card regions per heap region 1 cards per card region 2048

Heap:
 garbage-first heap   total 0K, used 0K [0x0000000082e00000, 0x0000000100000000)
  region size 1024K, 0 young (0K), 0 survivors (0K)

[error occurred during error reporting (printing heap information), id 0xc0000005, EXCEPTION_ACCESS_VIOLATION (0xc0000005) at pc=0x00007ffb3e166959]

GC Heap History (0 events):
No events

Dll operation events (2 events):
Event: 0.010 Loaded shared library C:\Program Files\Java\jdk-19\bin\java.dll
Event: 0.012 Loaded shared library C:\Program Files\Java\jdk-19\bin\zip.dll

Deoptimization events (0 events):
No events

Classes loaded (0 events):
No events

Classes unloaded (0 events):
No events

Classes redefined (0 events):
No events

Internal exceptions (0 events):
No events

VM Operations (0 events):
No events

Events (0 events):
No events


Dynamic libraries:
0x00007ff7aa8f0000 - 0x00007ff7aa900000 	C:\Program Files\Java\jdk-19\bin\java.exe
0x00007ffbc59c0000 - 0x00007ffbc5bb0000 	C:\WINDOWS\SYSTEM32\ntdll.dll
0x00007ffbc4f10000 - 0x00007ffbc4fc2000 	C:\WINDOWS\System32\KERNEL32.DLL
0x00007ffbc2cf0000 - 0x00007ffbc2f92000 	C:\WINDOWS\System32\KERNELBASE.dll
0x00007ffbc05e0000 - 0x00007ffbc066f000 	C:\WINDOWS\SYSTEM32\apphelp.dll
0x00007ffbc3980000 - 0x00007ffbc3a7a000 	C:\WINDOWS\System32\ucrtbase.dll
0x00007ffba5ca0000 - 0x00007ffba5cb8000 	C:\Program Files\Java\jdk-19\bin\jli.dll
0x00007ffba5c80000 - 0x00007ffba5c9b000 	C:\Program Files\Java\jdk-19\bin\VCRUNTIME140.dll
0x00007ffbc3c60000 - 0x00007ffbc3d03000 	C:\WINDOWS\System32\ADVAPI32.dll
0x00007ffbc5050000 - 0x00007ffbc50ee000 	C:\WINDOWS\System32\msvcrt.dll
0x00007ffbc3b90000 - 0x00007ffbc3c27000 	C:\WINDOWS\System32\sechost.dll
0x00007ffbc4dc0000 - 0x00007ffbc4ee0000 	C:\WINDOWS\System32\RPCRT4.dll
0x00007ffbc4c20000 - 0x00007ffbc4db3000 	C:\WINDOWS\System32\USER32.dll
0x00007ffbc2970000 - 0x00007ffbc2991000 	C:\WINDOWS\System32\win32u.dll
0x00007ffbb0a80000 - 0x00007ffbb0d05000 	C:\WINDOWS\WinSxS\amd64_microsoft.windows.common-controls_6595b64144ccf1df_6.0.18362.30_none_a1435978519dce7f\COMCTL32.dll
0x00007ffbc4ee0000 - 0x00007ffbc4f06000 	C:\WINDOWS\System32\GDI32.dll
0x00007ffbc43c0000 - 0x00007ffbc46f6000 	C:\WINDOWS\System32\combase.dll
0x00007ffbc2fa0000 - 0x00007ffbc3021000 	C:\WINDOWS\System32\bcryptPrimitives.dll
0x00007ffbc3030000 - 0x00007ffbc31c4000 	C:\WINDOWS\System32\gdi32full.dll
0x00007ffbc2a00000 - 0x00007ffbc2a9e000 	C:\WINDOWS\System32\msvcp_win.dll
0x00007ffbb6450000 - 0x00007ffbb645a000 	C:\WINDOWS\SYSTEM32\VERSION.dll
0x00007ffbc3c30000 - 0x00007ffbc3c5e000 	C:\WINDOWS\System32\IMM32.DLL
0x00007ffbaf040000 - 0x00007ffbaf04c000 	C:\Program Files\Java\jdk-19\bin\vcruntime140_1.dll
0x00007ffb95e90000 - 0x00007ffb95f1e000 	C:\Program Files\Java\jdk-19\bin\msvcp140.dll
0x00007ffb3da20000 - 0x00007ffb3e6e0000 	C:\Program Files\Java\jdk-19\bin\server\jvm.dll
0x00007ffb97540000 - 0x00007ffb97549000 	C:\WINDOWS\SYSTEM32\WSOCK32.dll
0x00007ffbbf100000 - 0x00007ffbbf124000 	C:\WINDOWS\SYSTEM32\WINMM.dll
0x00007ffbc4fe0000 - 0x00007ffbc504f000 	C:\WINDOWS\System32\WS2_32.dll
0x00007ffbbf0d0000 - 0x00007ffbbf0fd000 	C:\WINDOWS\SYSTEM32\winmmbase.dll
0x00007ffbc2b50000 - 0x00007ffbc2b9a000 	C:\WINDOWS\System32\cfgmgr32.dll
0x00007ffbc2930000 - 0x00007ffbc2941000 	C:\WINDOWS\System32\kernel.appcore.dll
0x00007ffba6860000 - 0x00007ffba686a000 	C:\Program Files\Java\jdk-19\bin\jimage.dll
0x00007ffbc1170000 - 0x00007ffbc1364000 	C:\WINDOWS\SYSTEM32\DBGHELP.DLL
0x00007ffbaebe0000 - 0x00007ffbaec0a000 	C:\WINDOWS\SYSTEM32\dbgcore.DLL
0x00007ffb878e0000 - 0x00007ffb8791c000 	C:\Program Files\Java\jdk-19\bin\jdwp.dll
0x00007ffba0e00000 - 0x00007ffba0e0e000 	C:\Program Files\Java\jdk-19\bin\instrument.dll
0x00007ffba5c50000 - 0x00007ffba5c76000 	C:\Program Files\Java\jdk-19\bin\java.dll
0x00007ffb979d0000 - 0x00007ffb979e8000 	C:\Program Files\Java\jdk-19\bin\zip.dll

dbghelp: loaded successfully - version: 4.0.5 - missing functions: none
symbol engine: initialized successfully - sym options: 0x614 - pdb path: .;C:\Program Files\Java\jdk-19\bin;C:\WINDOWS\SYSTEM32;C:\WINDOWS\WinSxS\amd64_microsoft.windows.common-controls_6595b64144ccf1df_6.0.18362.30_none_a1435978519dce7f;C:\Program Files\Java\jdk-19\bin\server

VM Arguments:
jvm_args: -agentlib:jdwp=transport=dt_socket,address=127.0.0.1:58498,suspend=y,server=n -javaagent:C:\Users\DELL\AppData\Local\JetBrains\IdeaIC2023.1\captureAgent\debugger-agent.jar -Dfile.encoding=UTF-8 -Dsun.stdout.encoding=UTF-8 -Dsun.stderr.encoding=UTF-8 
java_command: breakpoint
java_class_path (initial): C:\Users\DELL\Documents\GitHub\week-one\out\production\week-one;C:\Program Files\JetBrains\IntelliJ IDEA Community Edition 2023.1.2\lib\idea_rt.jar
Launcher Type: SUN_STANDARD

[Global flags]
     intx CICompilerCount                          = 4                                         {product} {ergonomic}
     uint ConcGCThreads                            = 2                                         {product} {ergonomic}
     uint G1ConcRefinementThreads                  = 8                                         {product} {ergonomic}
   size_t G1HeapRegionSize                         = 1048576                                   {product} {ergonomic}
    uintx GCDrainStackTargetSize                   = 64                                        {product} {ergonomic}
   size_t InitialHeapSize                          = 132120576                                 {product} {ergonomic}
   size_t MarkStackSize                            = 4194304                                   {product} {ergonomic}
   size_t MaxHeapSize                              = 2099249152                                {product} {ergonomic}
   size_t MinHeapDeltaBytes                        = 1048576                                   {product} {ergonomic}
   size_t MinHeapSize                              = 8388608                                   {product} {ergonomic}
    uintx NonNMethodCodeHeapSize                   = 5839372                                {pd product} {ergonomic}
    uintx NonProfiledCodeHeapSize                  = 122909434                              {pd product} {ergonomic}
    uintx ProfiledCodeHeapSize                     = 122909434                              {pd product} {ergonomic}
    uintx ReservedCodeCacheSize                    = 251658240                              {pd product} {ergonomic}
     bool SegmentedCodeCache                       = true                                      {product} {ergonomic}
   size_t SoftMaxHeapSize                          = 2099249152                             {manageable} {ergonomic}
     bool UseCompressedClassPointers               = true                           {product lp64_product} {ergonomic}
     bool UseCompressedOops                        = true                           {product lp64_product} {ergonomic}
     bool UseG1GC                                  = true                                      {product} {ergonomic}
     bool UseLargePagesIndividualAllocation        = false                                  {pd product} {ergonomic}

Logging:
Log output configuration:
 #0: stdout all=warning uptime,level,tags foldmultilines=false
 #1: stderr all=off uptime,level,tags foldmultilines=false

Environment Variables:
JAVA_HOME=C:\Program Files (x86)\Java\jdk1.8.0_341
PATH=C:\Program Files (x86)\VMware\VMware Workstation\bin\;C:\Program Files\Common Files\Oracle\Java\javapath;C:\Program Files (x86)\Common Files\Oracle\Java\javapath;C:\WINDOWS\system32;C:\WINDOWS;C:\WINDOWS\System32\Wbem;C:\WINDOWS\System32\WindowsPowerShell\v1.0\;C:\WINDOWS\System32\OpenSSH\;C:\Program Files (x86)\Java\jdk1.8.0_341\bin;C:\src\flutter\bin;C:\Program Files\Microsoft SQL Server\150\Tools\Binn\;C:\Program Files\dotnet\;C:\Users\DELL\AppData\Local\Microsoft\WindowsApps;;C:\Users\DELL\AppData\Local\Programs\Microsoft VS Code\bin;C:\Users\DELL\.dotnet\tools
USERNAME=DELL
OS=Windows_NT
PROCESSOR_IDENTIFIER=Intel64 Family 6 Model 142 Stepping 12, GenuineIntel
TMP=C:\Users\DELL\AppData\Local\Temp
TEMP=C:\Users\DELL\AppData\Local\Temp



---------------  S Y S T E M  ---------------

OS:
 Windows 10 , 64 bit Build 18362 (10.0.18362.1)
OS uptime: 0 days 14:34 hours

CPU: total 8 (initial active 8) (4 cores per cpu, 2 threads per core) family 6 model 142 stepping 12 microcode 0xb8, cx8, cmov, fxsr, ht, mmx, 3dnowpref, sse, sse2, sse3, ssse3, sse4.1, sse4.2, popcnt, lzcnt, tsc, tscinvbit, avx, avx2, aes, erms, clmul, bmi1, bmi2, rtm, adx, fma, vzeroupper, clflush, clflushopt, rdtscp

Memory: 4k page, system-wide physical 8006M (1489M free)
TotalPageFile size 11811M (AvailPageFile size 82M)
current process WorkingSet (physical memory assigned to process): 11M, peak: 11M
current process commit charge ("private bytes"): 60M, peak: 186M

vm_info: Java HotSpot(TM) 64-Bit Server VM (19+36-2238) for windows-amd64 JRE (19+36-2238), built on 2022-08-12T20:29:01Z by "mach5one" with MS VC++ 17.1 (VS2022)

END.
